#
# There is insufficient memory for the Java Runtime Environment to continue.
# Native memory allocation (malloc) failed to allocate 623584 bytes for Chunk::new
# Possible reasons:
#   The system is out of physical RAM or swap space
#   The process is running with CompressedOops enabled, and the Java Heap may be blocking the growth of the native heap
# Possible solutions:
#   Reduce memory load on the system
#   Increase physical memory or swap space
#   Check if swap backing store is full
#   Decrease Java heap size (-Xmx/-Xms)
#   Decrease number of Java threads
#   Decrease Java thread stack sizes (-Xss)
#   Set larger code cache with -XX:ReservedCodeCacheSize=
#   JVM is running with Zero Based Compressed Oops mode in which the Java heap is
#     placed in the first 32GB address space. The Java Heap base address is the
#     maximum limit for the native heap growth. Please use -XX:HeapBaseMinAddress
#     to set the Java Heap base and to place the Java Heap above 32GB virtual address.
# This output file may be truncated or incomplete.
#
#  Out of Memory Error (arena.cpp:184), pid=18760, tid=4440
#
# JRE version: OpenJDK Runtime Environment (18.0.2+9) (build 18.0.2+9-61)
# Java VM: OpenJDK 64-Bit Server VM (18.0.2+9-61, mixed mode, sharing, tiered, compressed oops, compressed class ptrs, g1 gc, windows-amd64)
# No core dump will be written. Minidumps are not enabled by default on client versions of Windows
#

---------------  S U M M A R Y ------------

Command Line: -javaagent:C:\Program Files\JetBrains\IntelliJ IDEA Community Edition 2022.2\lib\idea_rt.jar=60940:C:\Program Files\JetBrains\IntelliJ IDEA Community Edition 2022.2\bin -Dfile.encoding=UTF-8 io.RafalockAL28.Products.ProductsApplication

Host: Intel(R) Core(TM) i7-8550U CPU @ 1.80GHz, 8 cores, 11G,  Windows 11 , 64 bit Build 22000 (10.0.22000.2538)
Time: Sat Mar  9 02:48:42 2024 Hora oficial do Brasil elapsed time: 5.666076 seconds (0d 0h 0m 5s)

---------------  T H R E A D  ---------------

Current thread (0x000001ff722fc910):  JavaThread "C2 CompilerThread1" daemon [_thread_in_native, id=4440, stack(0x000000bab7200000,0x000000bab7300000)]


Current CompileTask:
C2:   5666 2985       4       org.springframework.beans.factory.support.AbstractBeanFactory::isTypeMatch (619 bytes)

Stack: [0x000000bab7200000,0x000000bab7300000]
Native frames: (J=compiled Java code, j=interpreted, Vv=VM code, C=native code)
V  [jvm.dll+0x6993ca]
V  [jvm.dll+0x7f481d]
V  [jvm.dll+0x7f612e]
V  [jvm.dll+0x7f67e3]
V  [jvm.dll+0x25cdaf]
V  [jvm.dll+0xb8c2f]
V  [jvm.dll+0xb8fa5]
V  [jvm.dll+0x3860cb]
V  [jvm.dll+0x1d2ba8]
V  [jvm.dll+0x2300a9]
V  [jvm.dll+0x22f321]
V  [jvm.dll+0x1ba01c]
V  [jvm.dll+0x23ec9a]
V  [jvm.dll+0x23cf85]
V  [jvm.dll+0x7a6e21]
V  [jvm.dll+0x7a125a]
V  [jvm.dll+0x698275]
C  [ucrtbase.dll+0x26c0c]
C  [KERNEL32.DLL+0x153e0]
C  [ntdll.dll+0x485b]


---------------  P R O C E S S  ---------------

Threads class SMR info:
_java_thread_list=0x000001ff72c37c10, length=14, elements={
0x000001ff4cb4b8d0, 0x000001ff6d0df590, 0x000001ff6d0e4200, 0x000001ff6d0f8240,
0x000001ff6d0f9bf0, 0x000001ff6d0fd5b0, 0x000001ff6d101c90, 0x000001ff6d116220,
0x000001ff6d137220, 0x000001ff6d144000, 0x000001ff6d1034a0, 0x000001ff6d100e20,
0x000001ff6d102b00, 0x000001ff722fc910
}

Java Threads: ( => current thread )
  0x000001ff4cb4b8d0 JavaThread "main" [_thread_in_vm, id=3980, stack(0x000000bab5900000,0x000000bab5a00000)]
  0x000001ff6d0df590 JavaThread "Reference Handler" daemon [_thread_blocked, id=22524, stack(0x000000bab6000000,0x000000bab6100000)]
  0x000001ff6d0e4200 JavaThread "Finalizer" daemon [_thread_blocked, id=7788, stack(0x000000bab6100000,0x000000bab6200000)]
  0x000001ff6d0f8240 JavaThread "Signal Dispatcher" daemon [_thread_blocked, id=5604, stack(0x000000bab6200000,0x000000bab6300000)]
  0x000001ff6d0f9bf0 JavaThread "Attach Listener" daemon [_thread_blocked, id=5068, stack(0x000000bab6300000,0x000000bab6400000)]
  0x000001ff6d0fd5b0 JavaThread "Service Thread" daemon [_thread_blocked, id=9408, stack(0x000000bab6400000,0x000000bab6500000)]
  0x000001ff6d101c90 JavaThread "Monitor Deflation Thread" daemon [_thread_blocked, id=9100, stack(0x000000bab6500000,0x000000bab6600000)]
  0x000001ff6d116220 JavaThread "C2 CompilerThread0" daemon [_thread_in_native, id=17580, stack(0x000000bab6600000,0x000000bab6700000)]
  0x000001ff6d137220 JavaThread "C1 CompilerThread0" daemon [_thread_blocked, id=21272, stack(0x000000bab6700000,0x000000bab6800000)]
  0x000001ff6d144000 JavaThread "Sweeper thread" daemon [_thread_blocked, id=21412, stack(0x000000bab6800000,0x000000bab6900000)]
  0x000001ff6d1034a0 JavaThread "Common-Cleaner" daemon [_thread_blocked, id=20628, stack(0x000000bab6900000,0x000000bab6a00000)]
  0x000001ff6d100e20 JavaThread "Monitor Ctrl-Break" daemon [_thread_in_native, id=16568, stack(0x000000bab6b00000,0x000000bab6c00000)]
  0x000001ff6d102b00 JavaThread "Notification Thread" daemon [_thread_blocked, id=9496, stack(0x000000bab6c00000,0x000000bab6d00000)]
=>0x000001ff722fc910 JavaThread "C2 CompilerThread1" daemon [_thread_in_native, id=4440, stack(0x000000bab7200000,0x000000bab7300000)]

Other Threads:
  0x000001ff6d0dacb0 VMThread "VM Thread" [stack: 0x000000bab5f00000,0x000000bab6000000] [id=3752]
  0x000001ff7176a690 WatcherThread "VM Periodic Task Thread" [stack: 0x000000bab6d00000,0x000000bab6e00000] [id=16612]
  0x000001ff4cbaa280 WorkerThread "GC Thread#0" [stack: 0x000000bab5a00000,0x000000bab5b00000] [id=20112]
  0x000001ff71bb29b0 WorkerThread "GC Thread#1" [stack: 0x000000bab6a00000,0x000000bab6b00000] [id=19172]
  0x000001ff71bb2c50 WorkerThread "GC Thread#2" [stack: 0x000000bab6e00000,0x000000bab6f00000] [id=15788]
  0x000001ff7229c0d0 WorkerThread "GC Thread#3" [stack: 0x000000bab6f00000,0x000000bab7000000] [id=22128]
  0x000001ff720f2550 WorkerThread "GC Thread#4" [stack: 0x000000bab7000000,0x000000bab7100000] [id=19928]
  0x000001ff720f5810 WorkerThread "GC Thread#5" [stack: 0x000000bab7100000,0x000000bab7200000] [id=18200]
  0x000001ff72659c30 WorkerThread "GC Thread#6" [stack: 0x000000bab7400000,0x000000bab7500000] [id=17728]
  0x000001ff724d58d0 WorkerThread "GC Thread#7" [stack: 0x000000bab7500000,0x000000bab7600000] [id=5084]
  0x000001ff4cbb7040 ConcurrentGCThread "G1 Main Marker" [stack: 0x000000bab5b00000,0x000000bab5c00000] [id=17016]
  0x000001ff4cbb7a30 WorkerThread "G1 Conc#0" [stack: 0x000000bab5c00000,0x000000bab5d00000] [id=12856]
  0x000001ff727de310 WorkerThread "G1 Conc#1" [stack: 0x000000bab7300000,0x000000bab7400000] [id=32]
  0x000001ff4cbf1d00 ConcurrentGCThread "G1 Refine#0" [stack: 0x000000bab5d00000,0x000000bab5e00000] [id=17136]
  0x000001ff4cbf23c0 ConcurrentGCThread "G1 Service" [stack: 0x000000bab5e00000,0x000000bab5f00000] [id=16700]

Threads with active compile tasks:
C2 CompilerThread0     5724 3047       4       jdk.internal.org.objectweb.asm.SymbolTable::addConstantUtf8 (98 bytes)
C2 CompilerThread1     5724 2985       4       org.springframework.beans.factory.support.AbstractBeanFactory::isTypeMatch (619 bytes)

VM state: not at safepoint (normal execution)

VM Mutex/Monitor currently owned by a thread: None

Heap address: 0x0000000741600000, size: 3050 MB, Compressed Oops mode: Zero based, Oop shift amount: 3

CDS archive(s) mapped at: [0x0000000800000000-0x0000000800ba0000-0x0000000800ba0000), size 12189696, SharedBaseAddress: 0x0000000800000000, ArchiveRelocationMode: 0.
Compressed class space mapped at: 0x0000000800c00000-0x0000000840c00000, reserved size: 1073741824
Narrow klass base: 0x0000000800000000, Narrow klass shift: 0, Narrow klass range: 0x100000000

GC Precious Log:
 CardTable entry size: 512
 Card Set container configuration: InlinePtr #cards 4 size 8 Array Of Cards #cards 16 size 48 Howl #buckets 8 coarsen threshold 3686 Howl Bitmap #cards 512 size 80 coarsen threshold 460 Card regions per heap region 1 cards per card region 4096
 CPUs: 8 total, 8 available
 Memory: 12197M
 Large Page Support: Disabled
 NUMA Support: Disabled
 Compressed Oops: Enabled (Zero based)
 Heap Region Size: 2M
 Heap Min Capacity: 8M
 Heap Initial Capacity: 192M
 Heap Max Capacity: 3050M
 Pre-touch: Disabled
 Parallel Workers: 8
 Concurrent Workers: 2
 Concurrent Refinement Workers: 8
 Periodic GC: Disabled

Heap:
 garbage-first heap   total 61440K, used 14960K [0x0000000741600000, 0x0000000800000000)
  region size 2048K, 6 young (12288K), 4 survivors (8192K)
 Metaspace       used 21423K, committed 21760K, reserved 1114112K
  class space    used 2620K, committed 2816K, reserved 1048576K

Heap Regions: E=young(eden), S=young(survivor), O=old, HS=humongous(starts), HC=humongous(continues), CS=collection set, F=free, OA=open archive, CA=closed archive, TAMS=top-at-mark-start (previous, next)
|   0|0x0000000741600000, 0x0000000741800000, 0x0000000741800000|100%| O|  |TAMS 0x0000000741800000, 0x0000000741600000| Untracked 
|   1|0x0000000741800000, 0x0000000741a00000, 0x0000000741a00000|100%| O|  |TAMS 0x0000000741a00000, 0x0000000741800000| Untracked 
|   2|0x0000000741a00000, 0x0000000741c00000, 0x0000000741c00000|100%| O|  |TAMS 0x0000000741c00000, 0x0000000741a00000| Untracked 
|   3|0x0000000741c00000, 0x0000000741c1f600, 0x0000000741e00000|  6%| O|  |TAMS 0x0000000741c1f600, 0x0000000741c00000| Complete 
|   4|0x0000000741e00000, 0x0000000741e00000, 0x0000000742000000|  0%| F|  |TAMS 0x0000000741e00000, 0x0000000741e00000| Untracked 
|   5|0x0000000742000000, 0x0000000742000000, 0x0000000742200000|  0%| F|  |TAMS 0x0000000742000000, 0x0000000742000000| Untracked 
|   6|0x0000000742200000, 0x0000000742200000, 0x0000000742400000|  0%| F|  |TAMS 0x0000000742200000, 0x0000000742200000| Untracked 
|   7|0x0000000742400000, 0x0000000742400000, 0x0000000742600000|  0%| F|  |TAMS 0x0000000742400000, 0x0000000742400000| Untracked 
|   8|0x0000000742600000, 0x0000000742600000, 0x0000000742800000|  0%| F|  |TAMS 0x0000000742600000, 0x0000000742600000| Untracked 
|   9|0x0000000742800000, 0x0000000742800000, 0x0000000742a00000|  0%| F|  |TAMS 0x0000000742800000, 0x0000000742800000| Untracked 
|  10|0x0000000742a00000, 0x0000000742a00000, 0x0000000742c00000|  0%| F|  |TAMS 0x0000000742a00000, 0x0000000742a00000| Untracked 
|  11|0x0000000742c00000, 0x0000000742c00000, 0x0000000742e00000|  0%| F|  |TAMS 0x0000000742c00000, 0x0000000742c00000| Untracked 
|  12|0x0000000742e00000, 0x0000000742e00000, 0x0000000743000000|  0%| F|  |TAMS 0x0000000742e00000, 0x0000000742e00000| Untracked 
|  13|0x0000000743000000, 0x0000000743000000, 0x0000000743200000|  0%| F|  |TAMS 0x0000000743000000, 0x0000000743000000| Untracked 
|  14|0x0000000743200000, 0x0000000743200000, 0x0000000743400000|  0%| F|  |TAMS 0x0000000743200000, 0x0000000743200000| Untracked 
|  15|0x0000000743400000, 0x0000000743400000, 0x0000000743600000|  0%| F|  |TAMS 0x0000000743400000, 0x0000000743400000| Untracked 
|  16|0x0000000743600000, 0x0000000743600000, 0x0000000743800000|  0%| F|  |TAMS 0x0000000743600000, 0x0000000743600000| Untracked 
|  17|0x0000000743800000, 0x0000000743800000, 0x0000000743a00000|  0%| F|  |TAMS 0x0000000743800000, 0x0000000743800000| Untracked 
|  18|0x0000000743a00000, 0x0000000743a00000, 0x0000000743c00000|  0%| F|  |TAMS 0x0000000743a00000, 0x0000000743a00000| Untracked 
|  19|0x0000000743c00000, 0x0000000743c00000, 0x0000000743e00000|  0%| F|  |TAMS 0x0000000743c00000, 0x0000000743c00000| Untracked 
|  20|0x0000000743e00000, 0x0000000743e00000, 0x0000000744000000|  0%| F|  |TAMS 0x0000000743e00000, 0x0000000743e00000| Untracked 
|  21|0x0000000744000000, 0x0000000744000000, 0x0000000744200000|  0%| F|  |TAMS 0x0000000744000000, 0x0000000744000000| Untracked 
|  22|0x0000000744200000, 0x0000000744200000, 0x0000000744400000|  0%| F|  |TAMS 0x0000000744200000, 0x0000000744200000| Untracked 
|  23|0x0000000744400000, 0x0000000744400000, 0x0000000744600000|  0%| F|  |TAMS 0x0000000744400000, 0x0000000744400000| Untracked 
|  24|0x0000000744600000, 0x0000000744600800, 0x0000000744800000|  0%| E|  |TAMS 0x0000000744600000, 0x0000000744600000| Complete 
|  66|0x0000000749a00000, 0x0000000749a7ca38, 0x0000000749c00000| 24%| S|CS|TAMS 0x0000000749a00000, 0x0000000749a00000| Complete 
|  67|0x0000000749c00000, 0x0000000749e00000, 0x0000000749e00000|100%| S|CS|TAMS 0x0000000749c00000, 0x0000000749c00000| Complete 
|  68|0x0000000749e00000, 0x000000074a000000, 0x000000074a000000|100%| S|CS|TAMS 0x0000000749e00000, 0x0000000749e00000| Complete 
|  69|0x000000074a000000, 0x000000074a200000, 0x000000074a200000|100%| S|CS|TAMS 0x000000074a000000, 0x000000074a000000| Complete 
|  95|0x000000074d400000, 0x000000074d600000, 0x000000074d600000|100%| E|CS|TAMS 0x000000074d400000, 0x000000074d400000| Complete 

Card table byte_map: [0x000001ff63db0000,0x000001ff643b0000] _byte_map_base: 0x000001ff603a5000

Marking Bits (Prev, Next): (CMBitMap*) 0x000001ff4cbaa8c0, (CMBitMap*) 0x000001ff4cbaa880
 Prev Bits: [0x000001ff67960000, 0x000001ff6a908000)
 Next Bits: [0x000001ff649b0000, 0x000001ff67958000)

Polling page: 0x000001ff4aaa0000

Metaspace:

Usage:
  Non-class:     18.38 MB used.
      Class:      2.56 MB used.
       Both:     20.93 MB used.

Virtual space:
  Non-class space:       64.00 MB reserved,      18.50 MB ( 29%) committed,  1 nodes.
      Class space:        1.00 GB reserved,       2.75 MB ( <1%) committed,  1 nodes.
             Both:        1.06 GB reserved,      21.25 MB (  2%) committed. 

Chunk freelists:
   Non-Class:  1.25 MB
       Class:  1.30 MB
        Both:  2.56 MB

MaxMetaspaceSize: unlimited
CompressedClassSpaceSize: 1.00 GB
Initial GC threshold: 21.00 MB
Current GC threshold: 35.25 MB
CDS: on
MetaspaceReclaimPolicy: balanced
 - commit_granule_bytes: 65536.
 - commit_granule_words: 8192.
 - virtual_space_node_default_size: 8388608.
 - enlarge_chunks_in_place: 1.
 - new_chunks_are_fully_committed: 0.
 - uncommit_free_chunks: 1.
 - use_allocation_guard: 0.


Internal statistics:

num_allocs_failed_limit: 3.
num_arena_births: 344.
num_arena_deaths: 0.
num_vsnodes_births: 2.
num_vsnodes_deaths: 0.
num_space_committed: 340.
num_space_uncommitted: 0.
num_chunks_returned_to_freelist: 3.
num_chunks_taken_from_freelist: 1061.
num_chunk_merges: 3.
num_chunk_splits: 744.
num_chunks_enlarged: 588.
num_inconsistent_stats: 0.

CodeHeap 'non-profiled nmethods': size=120000Kb used=1339Kb max_used=1339Kb free=118660Kb
 bounds [0x000001ff5bf50000, 0x000001ff5c1c0000, 0x000001ff63480000]
CodeHeap 'profiled nmethods': size=120000Kb used=6415Kb max_used=6415Kb free=113584Kb
 bounds [0x000001ff54a20000, 0x000001ff55070000, 0x000001ff5bf50000]
CodeHeap 'non-nmethods': size=5760Kb used=1200Kb max_used=1287Kb free=4559Kb
 bounds [0x000001ff54480000, 0x000001ff546f0000, 0x000001ff54a20000]
 total_blobs=3579 nmethods=3092 adapters=399
 compilation: enabled
              stopped_count=0, restarted_count=0
 full_count=0

Compilation events (20 events):
Event: 5.596 Thread 0x000001ff6d116220 3030       4       jdk.internal.org.objectweb.asm.SymbolTable::put (150 bytes)
Event: 5.598 Thread 0x000001ff6d137220 3038       3       java.util.Collections$UnmodifiableSet::<init> (6 bytes)
Event: 5.599 Thread 0x000001ff6d137220 nmethod 3038 0x000001ff5504c710 code [0x000001ff5504c8c0, 0x000001ff5504cbe8]
Event: 5.599 Thread 0x000001ff6d137220 3039       3       java.util.Collections::unmodifiableSet (22 bytes)
Event: 5.599 Thread 0x000001ff6d137220 nmethod 3039 0x000001ff5504cd10 code [0x000001ff5504cf00, 0x000001ff5504d418]
Event: 5.599 Thread 0x000001ff6d137220 3040       3       org.springframework.beans.factory.support.AbstractBeanDefinition::resolveBeanClass (24 bytes)
Event: 5.600 Thread 0x000001ff6d137220 nmethod 3040 0x000001ff5504d610 code [0x000001ff5504d800, 0x000001ff5504df38]
Event: 5.606 Thread 0x000001ff6d137220 3041       2       jdk.internal.loader.BuiltinClassLoader::loadClassOrNull (7 bytes)
Event: 5.606 Thread 0x000001ff6d137220 nmethod 3041 0x000001ff5504e110 code [0x000001ff5504e2a0, 0x000001ff5504e3c8]
Event: 5.620 Thread 0x000001ff6d116220 nmethod 3030 0x000001ff5c097810 code [0x000001ff5c0979a0, 0x000001ff5c0982b8]
Event: 5.620 Thread 0x000001ff6d116220 3021       4       java.util.AbstractList::<init> (10 bytes)
Event: 5.621 Thread 0x000001ff6d116220 nmethod 3021 0x000001ff5c098590 code [0x000001ff5c098700, 0x000001ff5c098778]
Event: 5.621 Thread 0x000001ff6d116220 3020       4       java.util.RegularEnumSet::contains (57 bytes)
Event: 5.622 Thread 0x000001ff6d116220 nmethod 3020 0x000001ff5c098890 code [0x000001ff5c098a00, 0x000001ff5c098b18]
Event: 5.623 Thread 0x000001ff6d116220 3042       4       java.util.WeakHashMap::remove (131 bytes)
Event: 5.635 Thread 0x000001ff6d116220 nmethod 3042 0x000001ff5c098c10 code [0x000001ff5c098da0, 0x000001ff5c099428]
Event: 5.651 Thread 0x000001ff6d137220 3043       3       jdk.internal.misc.InnocuousThread::eraseThreadLocals (23 bytes)
Event: 5.651 Thread 0x000001ff6d137220 nmethod 3043 0x000001ff5504e490 code [0x000001ff5504e620, 0x000001ff5504e818]
Event: 5.651 Thread 0x000001ff6d137220 3044       3       java.lang.invoke.MethodHandleNatives$CallSiteContext::run (5 bytes)
Event: 5.651 Thread 0x000001ff6d137220 nmethod 3044 0x000001ff5504e890 code [0x000001ff5504ea20, 0x000001ff5504eb48]

GC Heap History (6 events):
Event: 2.250 GC heap before
{Heap before GC invocations=0 (full 0):
 garbage-first heap   total 196608K, used 20480K [0x0000000741600000, 0x0000000800000000)
  region size 2048K, 11 young (22528K), 0 survivors (0K)
 Metaspace       used 6129K, committed 6400K, reserved 1114112K
  class space    used 700K, committed 832K, reserved 1048576K
}
Event: 2.258 GC heap after
{Heap after GC invocations=1 (full 0):
 garbage-first heap   total 196608K, used 6480K [0x0000000741600000, 0x0000000800000000)
  region size 2048K, 2 young (4096K), 2 survivors (4096K)
 Metaspace       used 6129K, committed 6400K, reserved 1114112K
  class space    used 700K, committed 832K, reserved 1048576K
}
Event: 3.140 GC heap before
{Heap before GC invocations=1 (full 0):
 garbage-first heap   total 196608K, used 33104K [0x0000000741600000, 0x0000000800000000)
  region size 2048K, 15 young (30720K), 2 survivors (4096K)
 Metaspace       used 13109K, committed 13312K, reserved 1114112K
  class space    used 1550K, committed 1664K, reserved 1048576K
}
Event: 3.151 GC heap after
{Heap after GC invocations=2 (full 0):
 garbage-first heap   total 196608K, used 8614K [0x0000000741600000, 0x0000000800000000)
  region size 2048K, 2 young (4096K), 2 survivors (4096K)
 Metaspace       used 13109K, committed 13312K, reserved 1114112K
  class space    used 1550K, committed 1664K, reserved 1048576K
}
Event: 5.637 GC heap before
{Heap before GC invocations=2 (full 0):
 garbage-first heap   total 196608K, used 53670K [0x0000000741600000, 0x0000000800000000)
  region size 2048K, 26 young (53248K), 2 survivors (4096K)
 Metaspace       used 21193K, committed 21504K, reserved 1114112K
  class space    used 2571K, committed 2752K, reserved 1048576K
}
Event: 5.650 GC heap after
{Heap after GC invocations=3 (full 0):
 garbage-first heap   total 196608K, used 12912K [0x0000000741600000, 0x0000000800000000)
  region size 2048K, 4 young (8192K), 4 survivors (8192K)
 Metaspace       used 21193K, committed 21504K, reserved 1114112K
  class space    used 2571K, committed 2752K, reserved 1048576K
}

Deoptimization events (20 events):
Event: 5.079 Thread 0x000001ff4cb4b8d0 Uncommon trap: trap_request=0xffffff45 fr.pc=0x000001ff5c065f70 relative=0x0000000000000230
Event: 5.083 Thread 0x000001ff4cb4b8d0 Uncommon trap: reason=unstable_if action=reinterpret pc=0x000001ff5c065f70 method=org.springframework.beans.factory.support.AbstractBeanFactory.isFactoryBean(Ljava/lang/String;Lorg/springframework/beans/factory/support/RootBeanDefinition;)Z @ 40 c2
Event: 5.083 Thread 0x000001ff4cb4b8d0 DEOPT PACKING pc=0x000001ff5c065f70 sp=0x000000bab59fe510
Event: 5.083 Thread 0x000001ff4cb4b8d0 DEOPT UNPACKING pc=0x000001ff544d23a3 sp=0x000000bab59fe4d0 mode 2
Event: 5.231 Thread 0x000001ff4cb4b8d0 Uncommon trap: trap_request=0xffffff45 fr.pc=0x000001ff5c061930 relative=0x0000000000000450
Event: 5.231 Thread 0x000001ff4cb4b8d0 Uncommon trap: reason=unstable_if action=reinterpret pc=0x000001ff5c061930 method=org.springframework.beans.factory.support.AbstractBeanFactory.getMergedLocalBeanDefinition(Ljava/lang/String;)Lorg/springframework/beans/factory/support/RootBeanDefinition; 
Event: 5.231 Thread 0x000001ff4cb4b8d0 DEOPT PACKING pc=0x000001ff5c061930 sp=0x000000bab59fe2f0
Event: 5.231 Thread 0x000001ff4cb4b8d0 DEOPT UNPACKING pc=0x000001ff544d23a3 sp=0x000000bab59fe298 mode 2
Event: 5.378 Thread 0x000001ff4cb4b8d0 Uncommon trap: trap_request=0xffffff45 fr.pc=0x000001ff5c06d66c relative=0x000000000000058c
Event: 5.378 Thread 0x000001ff4cb4b8d0 Uncommon trap: reason=unstable_if action=reinterpret pc=0x000001ff5c06d66c method=org.springframework.beans.factory.support.RootBeanDefinition.getTargetType()Ljava/lang/Class; @ 18 c2
Event: 5.378 Thread 0x000001ff4cb4b8d0 DEOPT PACKING pc=0x000001ff5c06d66c sp=0x000000bab59fe4e0
Event: 5.378 Thread 0x000001ff4cb4b8d0 DEOPT UNPACKING pc=0x000001ff544d23a3 sp=0x000000bab59fe3b0 mode 2
Event: 5.378 Thread 0x000001ff4cb4b8d0 Uncommon trap: trap_request=0xffffff45 fr.pc=0x000001ff5c072d44 relative=0x0000000000002cc4
Event: 5.378 Thread 0x000001ff4cb4b8d0 Uncommon trap: reason=unstable_if action=reinterpret pc=0x000001ff5c072d44 method=org.springframework.beans.factory.support.RootBeanDefinition.getTargetType()Ljava/lang/Class; @ 18 c2
Event: 5.378 Thread 0x000001ff4cb4b8d0 DEOPT PACKING pc=0x000001ff5c072d44 sp=0x000000bab59fe510
Event: 5.378 Thread 0x000001ff4cb4b8d0 DEOPT UNPACKING pc=0x000001ff544d23a3 sp=0x000000bab59fe360 mode 2
Event: 5.593 Thread 0x000001ff4cb4b8d0 Uncommon trap: trap_request=0xffffff45 fr.pc=0x000001ff5c07f5d8 relative=0x0000000000000098
Event: 5.593 Thread 0x000001ff4cb4b8d0 Uncommon trap: reason=unstable_if action=reinterpret pc=0x000001ff5c07f5d8 method=org.springframework.core.ResolvableType$1.isAssignableFrom(Ljava/lang/Class;)Z @ 15 c2
Event: 5.593 Thread 0x000001ff4cb4b8d0 DEOPT PACKING pc=0x000001ff5c07f5d8 sp=0x000000bab59feb70
Event: 5.593 Thread 0x000001ff4cb4b8d0 DEOPT UNPACKING pc=0x000001ff544d23a3 sp=0x000000bab59feb10 mode 2

Classes loaded (20 events):
Event: 5.238 Loading class java/util/Collections$UnmodifiableMap$UnmodifiableEntrySet
Event: 5.238 Loading class java/util/Collections$UnmodifiableMap$UnmodifiableEntrySet done
Event: 5.238 Loading class java/util/Collections$UnmodifiableMap$UnmodifiableEntrySet$1
Event: 5.238 Loading class java/util/Collections$UnmodifiableMap$UnmodifiableEntrySet$1 done
Event: 5.239 Loading class java/util/Collections$UnmodifiableMap$UnmodifiableEntrySet$UnmodifiableEntry
Event: 5.239 Loading class java/util/Collections$UnmodifiableMap$UnmodifiableEntrySet$UnmodifiableEntry done
Event: 5.318 Loading class java/util/stream/Streams$ConcatSpliterator$OfRef
Event: 5.318 Loading class java/util/stream/Streams$ConcatSpliterator
Event: 5.318 Loading class java/util/stream/Streams$ConcatSpliterator done
Event: 5.318 Loading class java/util/stream/Streams$ConcatSpliterator$OfRef done
Event: 5.319 Loading class java/util/stream/Streams$2
Event: 5.319 Loading class java/util/stream/Streams$2 done
Event: 5.352 Loading class java/util/stream/ReferencePipeline$15
Event: 5.352 Loading class java/util/stream/ReferencePipeline$15 done
Event: 5.353 Loading class java/util/stream/ReferencePipeline$15$1
Event: 5.354 Loading class java/util/stream/ReferencePipeline$15$1 done
Event: 5.368 Loading class sun/reflect/generics/tree/BooleanSignature
Event: 5.368 Loading class sun/reflect/generics/tree/BooleanSignature done
Event: 5.581 Loading class java/net/SocketException
Event: 5.582 Loading class java/net/SocketException done

Classes unloaded (0 events):
No events

Classes redefined (0 events):
No events

Internal exceptions (20 events):
Event: 2.521 Thread 0x000001ff4cb4b8d0 Exception <a 'java/lang/NoSuchMethodError'{0x000000074d1c4fb8}: 'java.lang.Object java.lang.invoke.DirectMethodHandle$Holder.newInvokeSpecial(java.lang.Object, java.lang.Object, long)'> (0x000000074d1c4fb8) 
thrown [s\open\src\hotspot\share\interpreter\linkResolver.cpp, line 759]
Event: 2.522 Thread 0x000001ff4cb4b8d0 Exception <a 'java/lang/NoSuchMethodError'{0x000000074d1c8b30}: 'java.lang.Object java.lang.invoke.Invokers$Holder.linkToTargetMethod(java.lang.Object, long, java.lang.Object)'> (0x000000074d1c8b30) 
thrown [s\open\src\hotspot\share\interpreter\linkResolver.cpp, line 759]
Event: 2.542 Thread 0x000001ff4cb4b8d0 Exception <a 'java/lang/NoSuchMethodError'{0x000000074ce15e18}: 'void java.lang.invoke.DirectMethodHandle$Holder.invokeSpecial(java.lang.Object, java.lang.Object, java.lang.Object, java.lang.Object, java.lang.Object)'> (0x000000074ce15e18) 
thrown [s\open\src\hotspot\share\interpreter\linkResolver.cpp, line 759]
Event: 2.543 Thread 0x000001ff4cb4b8d0 Exception <a 'java/lang/NoSuchMethodError'{0x000000074ce1e440}: 'void java.lang.invoke.DirectMethodHandle$Holder.invokeVirtual(java.lang.Object, java.lang.Object, java.lang.Object, java.lang.Object)'> (0x000000074ce1e440) 
thrown [s\open\src\hotspot\share\interpreter\linkResolver.cpp, line 759]
Event: 2.616 Thread 0x000001ff4cb4b8d0 Exception <a 'java/lang/NoSuchMethodError'{0x000000074cf717b0}: 'void java.lang.invoke.DirectMethodHandle$Holder.invokeSpecial(java.lang.Object, java.lang.Object, java.lang.Object)'> (0x000000074cf717b0) 
thrown [s\open\src\hotspot\share\interpreter\linkResolver.cpp, line 759]
Event: 2.627 Thread 0x000001ff4cb4b8d0 Exception <a 'java/lang/IncompatibleClassChangeError'{0x000000074cfa0558}: Found class java.lang.Object, but interface was expected> (0x000000074cfa0558) 
thrown [s\open\src\hotspot\share\interpreter\linkResolver.cpp, line 826]
Event: 2.629 Thread 0x000001ff6d102fd0 Exception <a 'java/lang/NoClassDefFoundError'{0x000000074cfd6db0}: jakarta/validation/Validation> (0x000000074cfd6db0) 
thrown [s\open\src\hotspot\share\classfile\systemDictionary.cpp, line 244]
Event: 3.213 Thread 0x000001ff4cb4b8d0 Exception <a 'java/lang/NoSuchMethodError'{0x000000074d2e6bc8}: 'java.lang.Object java.lang.invoke.DirectMethodHandle$Holder.invokeVirtual(java.lang.Object, java.lang.Object, java.lang.Object)'> (0x000000074d2e6bc8) 
thrown [s\open\src\hotspot\share\interpreter\linkResolver.cpp, line 759]
Event: 3.221 Thread 0x000001ff4cb4b8d0 Exception <a 'sun/nio/fs/WindowsException'{0x000000074d2ff928}> (0x000000074d2ff928) 
thrown [s\open\src\hotspot\share\prims\jni.cpp, line 516]
Event: 3.222 Thread 0x000001ff4cb4b8d0 Exception <a 'java/lang/NoSuchMethodError'{0x000000074d3011a0}: 'int java.lang.invoke.DirectMethodHandle$Holder.invokeSpecial(java.lang.Object, java.lang.Object, java.lang.Object, java.lang.Object, java.lang.Object)'> (0x000000074d3011a0) 
thrown [s\open\src\hotspot\share\interpreter\linkResolver.cpp, line 759]
Event: 3.226 Thread 0x000001ff4cb4b8d0 Exception <a 'java/lang/NoSuchMethodError'{0x000000074d309e18}: 'void java.lang.invoke.DirectMethodHandle$Holder.invokeVirtual(java.lang.Object, java.lang.Object)'> (0x000000074d309e18) 
thrown [s\open\src\hotspot\share\interpreter\linkResolver.cpp, line 759]
Event: 3.311 Thread 0x000001ff6d102fd0 Exception <a 'java/lang/NoSuchMethodError'{0x000000074cf4dfa8}: 'long java.lang.invoke.DirectMethodHandle$Holder.invokeSpecial(java.lang.Object, java.lang.Object)'> (0x000000074cf4dfa8) 
thrown [s\open\src\hotspot\share\interpreter\linkResolver.cpp, line 759]
Event: 3.314 Thread 0x000001ff6d102fd0 Exception <a 'java/lang/NoSuchMethodError'{0x000000074cf59230}: 'long java.lang.invoke.DirectMethodHandle$Holder.invokeStatic(java.lang.Object, java.lang.Object)'> (0x000000074cf59230) 
thrown [s\open\src\hotspot\share\interpreter\linkResolver.cpp, line 759]
Event: 3.314 Thread 0x000001ff6d102fd0 Exception <a 'java/lang/NoSuchMethodError'{0x000000074cf5c828}: 'long java.lang.invoke.DirectMethodHandle$Holder.invokeStaticInit(java.lang.Object, java.lang.Object)'> (0x000000074cf5c828) 
thrown [s\open\src\hotspot\share\interpreter\linkResolver.cpp, line 759]
Event: 3.318 Thread 0x000001ff6d102fd0 Exception <a 'java/lang/NoSuchMethodError'{0x000000074cfda358}: 'long java.lang.invoke.DirectMethodHandle$Holder.invokeInterface(java.lang.Object, java.lang.Object)'> (0x000000074cfda358) 
thrown [s\open\src\hotspot\share\interpreter\linkResolver.cpp, line 759]
Event: 3.319 Thread 0x000001ff6d102fd0 Exception <a 'java/lang/IncompatibleClassChangeError'{0x000000074cfdd8e0}: Found class java.lang.Object, but interface was expected> (0x000000074cfdd8e0) 
thrown [s\open\src\hotspot\share\interpreter\linkResolver.cpp, line 826]
Event: 3.343 Thread 0x000001ff6d102fd0 Exception <a 'java/lang/NoSuchMethodError'{0x000000074ccb9408}: 'java.lang.Object java.lang.invoke.DirectMethodHandle$Holder.invokeVirtual(java.lang.Object, java.lang.Object, java.lang.Object, java.lang.Object)'> (0x000000074ccb9408) 
thrown [s\open\src\hotspot\share\interpreter\linkResolver.cpp, line 759]
Event: 3.855 Thread 0x000001ff4cb4b8d0 Exception <a 'java/lang/IncompatibleClassChangeError'{0x000000074c51ff98}: Found class java.lang.Object, but interface was expected> (0x000000074c51ff98) 
thrown [s\open\src\hotspot\share\interpreter\linkResolver.cpp, line 826]
Event: 5.251 Thread 0x000001ff4cb4b8d0 Exception <a 'sun/nio/fs/WindowsException'{0x000000074a996e08}> (0x000000074a996e08) 
thrown [s\open\src\hotspot\share\prims\jni.cpp, line 516]
Event: 5.332 Thread 0x000001ff4cb4b8d0 Exception <a 'sun/nio/fs/WindowsException'{0x000000074a6e5ba0}> (0x000000074a6e5ba0) 
thrown [s\open\src\hotspot\share\prims\jni.cpp, line 516]

VM Operations (20 events):
Event: 3.507 Executing VM operation: HandshakeAllThreads
Event: 3.507 Executing VM operation: HandshakeAllThreads done
Event: 4.100 Executing VM operation: ICBufferFull
Event: 4.101 Executing VM operation: ICBufferFull done
Event: 4.540 Executing VM operation: ICBufferFull
Event: 4.540 Executing VM operation: ICBufferFull done
Event: 5.228 Executing VM operation: HandshakeAllThreads
Event: 5.228 Executing VM operation: HandshakeAllThreads done
Event: 5.228 Executing VM operation: HandshakeAllThreads
Event: 5.228 Executing VM operation: HandshakeAllThreads done
Event: 5.241 Executing VM operation: HandshakeAllThreads
Event: 5.241 Executing VM operation: HandshakeAllThreads done
Event: 5.242 Executing VM operation: HandshakeAllThreads
Event: 5.242 Executing VM operation: HandshakeAllThreads done
Event: 5.358 Executing VM operation: ICBufferFull
Event: 5.358 Executing VM operation: ICBufferFull done
Event: 5.361 Executing VM operation: HandshakeAllThreads
Event: 5.361 Executing VM operation: HandshakeAllThreads done
Event: 5.637 Executing VM operation: CollectForMetadataAllocation
Event: 5.650 Executing VM operation: CollectForMetadataAllocation done

Events (20 events):
Event: 0.193 Thread 0x000001ff6d1034a0 Thread added: 0x000001ff6d1034a0
Event: 0.231 Loaded shared library C:\Users\rafal\.jdks\openjdk-18.0.2\bin\zip.dll
Event: 0.238 Loaded shared library C:\Users\rafal\.jdks\openjdk-18.0.2\bin\instrument.dll
Event: 0.250 Loaded shared library C:\Users\rafal\.jdks\openjdk-18.0.2\bin\net.dll
Event: 0.253 Loaded shared library C:\Users\rafal\.jdks\openjdk-18.0.2\bin\nio.dll
Event: 0.257 Loaded shared library C:\Users\rafal\.jdks\openjdk-18.0.2\bin\zip.dll
Event: 1.102 Thread 0x000001ff71746460 Thread added: 0x000001ff71746460
Event: 1.228 Loaded shared library C:\Program Files\JetBrains\IntelliJ IDEA Community Edition 2022.2\bin\breakgen64.dll
Event: 1.229 Thread 0x000001ff6d100e20 Thread added: 0x000001ff6d100e20
Event: 1.229 Thread 0x000001ff6d102b00 Thread added: 0x000001ff6d102b00
Event: 1.358 Loaded shared library C:\Users\rafal\.jdks\openjdk-18.0.2\bin\jimage.dll
Event: 1.799 Thread 0x000001ff71746460 Thread exited: 0x000001ff71746460
Event: 2.456 Thread 0x000001ff722fc910 Thread added: 0x000001ff722fc910
Event: 2.623 Thread 0x000001ff6d102fd0 Thread added: 0x000001ff6d102fd0
Event: 3.492 Loaded shared library C:\Users\rafal\.jdks\openjdk-18.0.2\bin\sunmscapi.dll
Event: 3.521 Thread 0x000001ff7260aff0 Thread added: 0x000001ff7260aff0
Event: 3.586 Thread 0x000001ff6d102fd0 Thread exited: 0x000001ff6d102fd0
Event: 3.674 Thread 0x000001ff6d100480 Thread added: 0x000001ff6d100480
Event: 3.757 Thread 0x000001ff6d100480 Thread exited: 0x000001ff6d100480
Event: 4.738 Thread 0x000001ff7260aff0 Thread exited: 0x000001ff7260aff0


Dynamic libraries:
0x00007ff7f02c0000 - 0x00007ff7f02ce000 	C:\Users\rafal\.jdks\openjdk-18.0.2\bin\java.exe
0x00007ffd7b840000 - 0x00007ffd7ba49000 	C:\Windows\SYSTEM32\ntdll.dll
0x00007ffd7a5d0000 - 0x00007ffd7a68d000 	C:\Windows\System32\KERNEL32.DLL
0x00007ffd78f20000 - 0x00007ffd792a4000 	C:\Windows\System32\KERNELBASE.dll
0x00007ffd792b0000 - 0x00007ffd793c1000 	C:\Windows\System32\ucrtbase.dll
0x00007ffd6a320000 - 0x00007ffd6a33a000 	C:\Users\rafal\.jdks\openjdk-18.0.2\bin\VCRUNTIME140.dll
0x00007ffd6a2a0000 - 0x00007ffd6a2b7000 	C:\Users\rafal\.jdks\openjdk-18.0.2\bin\jli.dll
0x00007ffd7a950000 - 0x00007ffd7aafd000 	C:\Windows\System32\USER32.dll
0x00007ffd795c0000 - 0x00007ffd795e6000 	C:\Windows\System32\win32u.dll
0x00007ffd62940000 - 0x00007ffd62be5000 	C:\Windows\WinSxS\amd64_microsoft.windows.common-controls_6595b64144ccf1df_6.0.22000.120_none_9d947278b86cc467\COMCTL32.dll
0x00007ffd79830000 - 0x00007ffd7985a000 	C:\Windows\System32\GDI32.dll
0x00007ffd7a090000 - 0x00007ffd7a133000 	C:\Windows\System32\msvcrt.dll
0x00007ffd78d40000 - 0x00007ffd78e5e000 	C:\Windows\System32\gdi32full.dll
0x00007ffd795f0000 - 0x00007ffd7968d000 	C:\Windows\System32\msvcp_win.dll
0x00007ffd79fc0000 - 0x00007ffd79ff1000 	C:\Windows\System32\IMM32.DLL
0x00007ffd6a310000 - 0x00007ffd6a31c000 	C:\Users\rafal\.jdks\openjdk-18.0.2\bin\vcruntime140_1.dll
0x00007ffcd9c10000 - 0x00007ffcd9c9d000 	C:\Users\rafal\.jdks\openjdk-18.0.2\bin\msvcp140.dll
0x00007ffcce930000 - 0x00007ffccf541000 	C:\Users\rafal\.jdks\openjdk-18.0.2\bin\server\jvm.dll
0x00007ffd7af70000 - 0x00007ffd7b01e000 	C:\Windows\System32\ADVAPI32.dll
0x00007ffd7a140000 - 0x00007ffd7a1de000 	C:\Windows\System32\sechost.dll
0x00007ffd7a820000 - 0x00007ffd7a941000 	C:\Windows\System32\RPCRT4.dll
0x00007ffd7a560000 - 0x00007ffd7a568000 	C:\Windows\System32\PSAPI.DLL
0x00007ffd5f6f0000 - 0x00007ffd5f6f9000 	C:\Windows\SYSTEM32\WSOCK32.dll
0x00007ffd73630000 - 0x00007ffd73663000 	C:\Windows\SYSTEM32\WINMM.dll
0x00007ffd79f50000 - 0x00007ffd79fbf000 	C:\Windows\System32\WS2_32.dll
0x00007ffd726c0000 - 0x00007ffd726ca000 	C:\Windows\SYSTEM32\VERSION.dll
0x00007ffd77e30000 - 0x00007ffd77e48000 	C:\Windows\SYSTEM32\kernel.appcore.dll
0x00007ffd6a290000 - 0x00007ffd6a29a000 	C:\Users\rafal\.jdks\openjdk-18.0.2\bin\jimage.dll
0x00007ffd6cea0000 - 0x00007ffd6d0c1000 	C:\Windows\SYSTEM32\DBGHELP.DLL
0x00007ffd5d760000 - 0x00007ffd5d791000 	C:\Windows\SYSTEM32\dbgcore.DLL
0x00007ffd793d0000 - 0x00007ffd7944f000 	C:\Windows\System32\bcryptPrimitives.dll
0x00007ffd6e6e0000 - 0x00007ffd6e6ee000 	C:\Users\rafal\.jdks\openjdk-18.0.2\bin\instrument.dll
0x00007ffd67e90000 - 0x00007ffd67eb5000 	C:\Users\rafal\.jdks\openjdk-18.0.2\bin\java.dll
0x00007ffcd8000000 - 0x00007ffcd80d6000 	C:\Users\rafal\.jdks\openjdk-18.0.2\bin\jsvml.dll
0x00007ffd7b020000 - 0x00007ffd7b7e5000 	C:\Windows\System32\SHELL32.dll
0x00007ffd76db0000 - 0x00007ffd77612000 	C:\Windows\SYSTEM32\windows.storage.dll
0x00007ffd7a1e0000 - 0x00007ffd7a556000 	C:\Windows\System32\combase.dll
0x00007ffd76c40000 - 0x00007ffd76da7000 	C:\Windows\SYSTEM32\wintypes.dll
0x00007ffd7a690000 - 0x00007ffd7a77a000 	C:\Windows\System32\SHCORE.dll
0x00007ffd7a570000 - 0x00007ffd7a5cd000 	C:\Windows\System32\shlwapi.dll
0x00007ffd78c00000 - 0x00007ffd78c25000 	C:\Windows\SYSTEM32\profapi.dll
0x00007ffd541e0000 - 0x00007ffd541f8000 	C:\Users\rafal\.jdks\openjdk-18.0.2\bin\zip.dll
0x00007ffd67d50000 - 0x00007ffd67d63000 	C:\Users\rafal\.jdks\openjdk-18.0.2\bin\net.dll
0x00007ffd73030000 - 0x00007ffd73144000 	C:\Windows\SYSTEM32\WINHTTP.dll
0x00007ffd782e0000 - 0x00007ffd78347000 	C:\Windows\system32\mswsock.dll
0x00007ffd67b70000 - 0x00007ffd67b86000 	C:\Users\rafal\.jdks\openjdk-18.0.2\bin\nio.dll
0x00007ffd53350000 - 0x00007ffd5336a000 	C:\Program Files\JetBrains\IntelliJ IDEA Community Edition 2022.2\bin\breakgen64.dll
0x00007ffd608b0000 - 0x00007ffd608be000 	C:\Users\rafal\.jdks\openjdk-18.0.2\bin\sunmscapi.dll
0x00007ffd79450000 - 0x00007ffd795b2000 	C:\Windows\System32\CRYPT32.dll
0x00007ffd78670000 - 0x00007ffd78698000 	C:\Windows\SYSTEM32\ncrypt.dll
0x00007ffd78630000 - 0x00007ffd78667000 	C:\Windows\SYSTEM32\NTASN1.dll

dbghelp: loaded successfully - version: 4.0.5 - missing functions: none
symbol engine: initialized successfully - sym options: 0x614 - pdb path: .;C:\Users\rafal\.jdks\openjdk-18.0.2\bin;C:\Windows\SYSTEM32;C:\Windows\WinSxS\amd64_microsoft.windows.common-controls_6595b64144ccf1df_6.0.22000.120_none_9d947278b86cc467;C:\Users\rafal\.jdks\openjdk-18.0.2\bin\server;C:\Program Files\JetBrains\IntelliJ IDEA Community Edition 2022.2\bin

VM Arguments:
jvm_args: -javaagent:C:\Program Files\JetBrains\IntelliJ IDEA Community Edition 2022.2\lib\idea_rt.jar=60940:C:\Program Files\JetBrains\IntelliJ IDEA Community Edition 2022.2\bin -Dfile.encoding=UTF-8 
java_command: io.RafalockAL28.Products.ProductsApplication
java_class_path (initial): D:\Dev\Portfolio\Products\target\classes;C:\Users\rafal\.m2\repository\org\springframework\boot\spring-boot-starter-data-jpa\3.2.3\spring-boot-starter-data-jpa-3.2.3.jar;C:\Users\rafal\.m2\repository\org\springframework\boot\spring-boot-starter-aop\3.2.3\spring-boot-starter-aop-3.2.3.jar;C:\Users\rafal\.m2\repository\org\springframework\spring-aop\6.1.4\spring-aop-6.1.4.jar;C:\Users\rafal\.m2\repository\org\aspectj\aspectjweaver\1.9.21\aspectjweaver-1.9.21.jar;C:\Users\rafal\.m2\repository\org\springframework\boot\spring-boot-starter-jdbc\3.2.3\spring-boot-starter-jdbc-3.2.3.jar;C:\Users\rafal\.m2\repository\com\zaxxer\HikariCP\5.0.1\HikariCP-5.0.1.jar;C:\Users\rafal\.m2\repository\org\springframework\spring-jdbc\6.1.4\spring-jdbc-6.1.4.jar;C:\Users\rafal\.m2\repository\org\hibernate\orm\hibernate-core\6.4.4.Final\hibernate-core-6.4.4.Final.jar;C:\Users\rafal\.m2\repository\jakarta\persistence\jakarta.persistence-api\3.1.0\jakarta.persistence-api-3.1.0.jar;C:\Users\rafal\.m2\repository\jakarta\transaction\jakarta.transaction-api\2.0.1\jakarta.transaction-api-2.0.1.jar;C:\Users\rafal\.m2\repository\org\jboss\logging\jboss-logging\3.5.3.Final\jboss-logging-3.5.3.Final.jar;C:\Users\rafal\.m2\repository\org\hibernate\common\hibernate-commons-annotations\6.0.6.Final\hibernate-commons-annotations-6.0.6.Final.jar;C:\Users\rafal\.m2\repository\io\smallrye\jandex\3.1.2\jandex-3.1.2.jar;C:\Users\rafal\.m2\repository\com\fasterxml\classmate\1.6.0\classmate-1.6.0.jar;C:\Users\rafal\.m2\repository\net\bytebuddy\byte-buddy\1.14.12\byte-buddy-1.14.12.jar;C:\Users\rafal\.m2\repository\org\glassfish\jaxb\jaxb-runtime\4.0.4\jaxb-runtime-4.0.4.jar;C:\Users\rafal\.m2\repository\org\glassfish\jaxb\jaxb-core\4.0.4\jaxb-core-4.0.4.jar;C:\Users\rafal\.m2\repository\org\eclipse\angus\angus-activation\2.0.1\angus-activation-2.0.1.jar;C:\Users\rafal\.m2\repository\org\glassfish\jaxb\txw2\4.0.4\txw2-4.0.4.jar;C:\Users\rafal\.m2\repository\com\sun\istack\istack-commons-runtime\4.1.2\istack-commons-runtime-4.1.2.jar;C:\Users\rafal\.m2\repository\jakarta\inject\jakarta.inject-api\2.0.1\jakarta.inject-api-2.0.1.jar;C:\Users\rafal\.m2\repository\org\antlr\antlr4-runtime\4.13.0\antlr4-runtime-4.13.0.jar;C:\Users\rafal\.m2\repository\org\springframework\data\spring-data-jpa\3.2.3\spring-data-jpa-3.2.3.jar;C:\Users\rafal\.m2\repository\org\springframework\data\spring-data-commons\3.2.3\spring-data-commons-3.2.3.jar;C:\Users\rafal\.m2\repository\org\springframework\spring-orm\6.1.4\spring-orm-6.1.4.jar;C:\Users\rafal\.m2\repository\org\springframework\spring-context\6.1.4\spring-context-6.1.4.jar;C:\Users\rafal\.m2\repository\org\springframework\spring-tx\6.1.4\spring-tx-6.1.4.jar;C:\Users\rafal\.m2\repository\org\springframework\spring-beans\6.1.4\spring-beans-6.1.4.jar;C:\Users\rafal\.m2\repository\jakarta\annotation\jakarta.annotation-api\2.1.1\jakarta.annotation-api-2.1.1.jar;C:\Users\rafal\.m2\repository\org\slf4j\slf4j-api\2.0.12\slf4j-api-2.0.12.jar;C:\Users\rafal\.m2\repository\org\springframework\spring-aspects\6.1.4\spring-aspects-6.1.4.jar;C:\Users\rafal\.m2\repository\org\springframework\boot\spring-boot-starter-web\3.2.3\spring-boot-starter-web-3.2.3.jar;C:\Users\rafal\.m2\repository\org\springframework\boot\spring-boot-starter\3.2.3\spring-boot-starter-3.2.3.jar;C:\Users\rafal\.m2\repository\org\springframework\boot\spring-boot\3.2.3\spring-boot-3.2.3.jar;C:\Users\rafal\.m2\repository\org\springframework\boot\spring-boot-autoconfigure\3.2.3\spring-boot-autoconfigure-3.2.3.jar;C:\Users\rafal\.m2\repository\org\springframework\boot\spring-boot-starter-logging\3.2.3\spring-boot-starter-logging-3.2.3.jar;C:\Users\rafal\.m2\repository\ch\qos\logback\logback-classic\1.4.14\logback-classic-1.4.14.jar;C:\Users\rafal\.m2\repository\ch\qos\logback\logback-core\1.4.14\logback-core-1.4.14.jar;C:\Users\rafal\.m2\repository\org\apache\logging\log4j\log4j-to-slf4j\2.21.1\log4j-to-slf4j-2.21.1.jar;C:\Users\rafal\.m2\repository\org\apache\logging\log4j\log4j-api\2.21.1\log4j-api-2.21.1.jar;C:\Users\rafal\.m2\repository\org\slf4j\jul-to-slf4j\2.0.12\jul-to-slf4j-2.0.12.jar;C:\Users\rafal\.m2\repository\org\yaml\snakeyaml\2.2\snakeyaml-2.2.jar;C:\Users\rafal\.m2\repository\org\springframework\boot\spring-boot-starter-json\3.2.3\spring-boot-starter-json-3.2.3.jar;C:\Users\rafal\.m2\repository\com\fasterxml\jackson\core\jackson-databind\2.15.4\jackson-databind-2.15.4.jar;C:\Users\rafal\.m2\repository\com\fasterxml\jackson\core\jackson-annotations\2.15.4\jackson-annotations-2.15.4.jar;C:\Users\rafal\.m2\repository\com\fasterxml\jackson\core\jackson-core\2.15.4\jackson-core-2.15.4.jar;C:\Users\rafal\.m2\repository\com\fasterxml\jackson\datatype\jackson-datatype-jdk8\2.15.4\jackson-datatype-jdk8-2.15.4.jar;C:\Users\rafal\.m2\repository\com\fasterxml\jackson\datatype\jackson-datatype-jsr310\2.15.4\jackson-datatype-jsr310-2.15.4.jar;C:\Users\rafal\.m2\repository\com\fasterxml\jackson\module\jackson-module-parameter-names\2.15.4\jackson-module-parameter-names-2.15.4.jar;C:\Users\rafal\.m2\repository\org\springframework\boot\spring-boot-starter-tomcat\3.2.3\spring-boot-starter-tomcat-3.2.3.jar;C:\Users\rafal\.m2\repository\org\apache\tomcat\embed\tomcat-embed-core\10.1.19\tomcat-embed-core-10.1.19.jar;C:\Users\rafal\.m2\repository\org\apache\tomcat\embed\tomcat-embed-el\10.1.19\tomcat-embed-el-10.1.19.jar;C:\Users\rafal\.m2\repository\org\apache\tomcat\embed\tomcat-embed-websocket\10.1.19\tomcat-embed-websocket-10.1.19.jar;C:\Users\rafal\.m2\repository\org\springframework\spring-web\6.1.4\spring-web-6.1.4.jar;C:\Users\rafal\.m2\repository\io\micrometer\micrometer-observation\1.12.3\micrometer-observation-1.12.3.jar;C:\Users\rafal\.m2\repository\io\micrometer\micrometer-commons\1.12.3\micrometer-commons-1.12.3.jar;C:\Users\rafal\.m2\repository\org\springframework\spring-webmvc\6.1.4\spring-webmvc-6.1.4.jar;C:\Users\rafal\.m2\repository\org\springframework\spring-expression\6.1.4\spring-expression-6.1.4.jar;C:\Users\rafal\.m2\repository\org\postgresql\postgresql\42.6.1\postgresql-42.6.1.jar;C:\Users\rafal\.m2\repository\org\checkerframework\checker-qual\3.31.0\checker-qual-3.31.0.jar;C:\Users\rafal\.m2\repository\org\projectlombok\lombok\1.18.30\lombok-1.18.30.jar;C:\Users\rafal\.m2\repository\jakarta\xml\bind\jakarta.xml.bind-api\4.0.1\jakarta.xml.bind-api-4.0.1.jar;C:\Users\rafal\.m2\repository\jakarta\activation\jakarta.activation-api\2.1.2\jakarta.activation-api-2.1.2.jar;C:\Users\rafal\.m2\repository\org\springframework\spring-core\6.1.4\spring-core-6.1.4.jar;C:\Users\rafal\.m2\repository\org\springframework\spring-jcl\6.1.4\spring-jcl-6.1.4.jar
Launcher Type: SUN_STANDARD

[Global flags]
     intx CICompilerCount                          = 4                                         {product} {ergonomic}
     uint ConcGCThreads                            = 2                                         {product} {ergonomic}
     uint G1ConcRefinementThreads                  = 8                                         {product} {ergonomic}
   size_t G1HeapRegionSize                         = 2097152                                   {product} {ergonomic}
    uintx GCDrainStackTargetSize                   = 64                                        {product} {ergonomic}
   size_t InitialHeapSize                          = 201326592                                 {product} {ergonomic}
   size_t MarkStackSize                            = 4194304                                   {product} {ergonomic}
   size_t MaxHeapSize                              = 3198156800                                {product} {ergonomic}
   size_t MaxNewSize                               = 1918894080                                {product} {ergonomic}
   size_t MinHeapDeltaBytes                        = 2097152                                   {product} {ergonomic}
   size_t MinHeapSize                              = 8388608                                   {product} {ergonomic}
    uintx NonNMethodCodeHeapSize                   = 5839372                                {pd product} {ergonomic}
    uintx NonProfiledCodeHeapSize                  = 122909434                              {pd product} {ergonomic}
    uintx ProfiledCodeHeapSize                     = 122909434                              {pd product} {ergonomic}
    uintx ReservedCodeCacheSize                    = 251658240                              {pd product} {ergonomic}
     bool SegmentedCodeCache                       = true                                      {product} {ergonomic}
   size_t SoftMaxHeapSize                          = 3198156800                             {manageable} {ergonomic}
     bool UseCompressedClassPointers               = true                           {product lp64_product} {ergonomic}
     bool UseCompressedOops                        = true                           {product lp64_product} {ergonomic}
     bool UseG1GC                                  = true                                      {product} {ergonomic}
     bool UseLargePagesIndividualAllocation        = false                                  {pd product} {ergonomic}

Logging:
Log output configuration:
 #0: stdout all=warning uptime,level,tags foldmultilines=false
 #1: stderr all=off uptime,level,tags foldmultilines=false

Environment Variables:
JAVA_HOME=C:\Program Files\Java\jdk-17
PATH=C:\Program Files\Common Files\Oracle\Java\javapath;C:\ProgramData\Oracle\Java\javapath;C:\Program Files (x86)\Common Files\Oracle\Java\javapath;C:\Windows\system32;C:\Windows;C:\Windows\System32\Wbem;C:\Windows\System32\WindowsPowerShell\v1.0\;C:\Windows\System32\OpenSSH\;C:\Program Files\dotnet\;C:\Program Files\Microsoft SQL Server\Client SDK\ODBC\170\Tools\Binn\;C:\Program Files\Microsoft SQL Server\120\Tools\Binn\;C:\Program Files\Common Files\Autodesk Shared\;C:\Program Files (x86)\NVIDIA Corporation\PhysX\Common;C:\Program Files\NVIDIA Corporation\NVIDIA NvDLISR;C:\Program Files\nodejs\;C:\ffmpeg\bin;C:\Program Files\Java\jdk-17\bin;C:\Program Files\Git\cmd;D:\Dev\Tools\apache-maven-3.9.6\bin;C:\Users\rafal\AppData\Local\Microsoft\WindowsApps;;C:\Users\rafal\AppData\Local\Programs\Microsoft VS Code\bin;C:\Users\rafal\.dotnet\tools;C:\Users\rafal\AppData\Roaming\npm
USERNAME=rafal
OS=Windows_NT
PROCESSOR_IDENTIFIER=Intel64 Family 6 Model 142 Stepping 10, GenuineIntel



---------------  S Y S T E M  ---------------

OS:
 Windows 11 , 64 bit Build 22000 (10.0.22000.2538)
OS uptime: 0 days 8:56 hours

CPU: total 8 (initial active 8) (4 cores per cpu, 2 threads per core) family 6 model 142 stepping 10 microcode 0xea, cx8, cmov, fxsr, ht, mmx, 3dnowpref, sse, sse2, sse3, ssse3, sse4.1, sse4.2, popcnt, lzcnt, tsc, tscinvbit, avx, avx2, aes, erms, clmul, bmi1, bmi2, adx, fma, vzeroupper, clflush, clflushopt

Memory: 4k page, system-wide physical 12197M (1944M free)
TotalPageFile size 16293M (AvailPageFile size 140M)
current process WorkingSet (physical memory assigned to process): 115M, peak: 163M
current process commit charge ("private bytes"): 201M, peak: 339M

vm_info: OpenJDK 64-Bit Server VM (18.0.2+9-61) for windows-amd64 JRE (18.0.2+9-61), built on Jun  7 2022 13:05:59 by "mach5one" with MS VC++ 16.8 / 16.9 (VS2019)

END.
